<?xml version="1.0" encoding="UTF-8"?>
<!-- Generated by org.testng.reporters.JUnitReportReporter -->
<testsuite hostname="Govind-PC" name="runner.NewTest" tests="4" failures="0" timestamp="17 Dec 2017 18:00:56 GMT" time="0.003" errors="0">
  <testcase name="mul" time="0.000" classname="runner.NewTest"/>
  <testcase name="sub" time="0.001" classname="runner.NewTest"/>
  <testcase name="sum" time="0.001" classname="runner.NewTest"/>
  <testcase name="div" time="0.001" classname="runner.NewTest"/>
</testsuite> <!-- runner.NewTest -->
