<?xml version="1.0" encoding="UTF-8"?>
<!-- Generated by org.testng.reporters.JUnitReportReporter -->
<testsuite hostname="Govind-PC" name="runner.demo1" tests="4" failures="0" timestamp="17 Dec 2017 18:00:56 GMT" time="0.010" errors="0">
  <testcase name="sum" time="0.000" classname="runner.demo1"/>
  <testcase name="sub" time="0.000" classname="runner.demo1"/>
  <testcase name="div" time="0.010" classname="runner.demo1"/>
  <testcase name="mul" time="0.000" classname="runner.demo1"/>
</testsuite> <!-- runner.demo1 -->
